<?xml version="1.0" encoding="UTF-8"?>
<testsuite xmlns:xsi="http://www.w3.org/2001/XMLSchema-instance" xsi:noNamespaceSchemaLocation="https://maven.apache.org/surefire/maven-surefire-plugin/xsd/surefire-test-report.xsd" name="fr.uvsq.cprog.mvnjunit.ChaineCrypteeTest" time="0" tests="4" errors="0" skipped="0" failures="0">
  <properties>
[...]
</properties>
  <testcase name="testDecrypteEspace" classname="fr.uvsq.cprog.mvnjunit.ChaineCrypteeTest" time="0"/>
  <testcase name="testCrypte" classname="fr.uvsq.cprog.mvnjunit.ChaineCrypteeTest" time="0"/>
  <testcase name="testDecrypte" classname="fr.uvsq.cprog.mvnjunit.ChaineCrypteeTest" time="0"/>
  <testcase name="testEspace" classname="fr.uvsq.cprog.mvnjunit.ChaineCrypteeTest" time="0"/>
</testsuite>